<?xml version="1.0" encoding="UTF-8" ?>
<testsuite errors="1" failures="0" hostname="BouDjy" name="fr.ubo.tetris.TestShape" skipped="0" tests="1" time="0.0" timestamp="2021-10-06T16:49:36">
  <properties>
[...]
</properties>
  <error message="fr.ubo.tetris.TestShape" type="java.lang.ClassNotFoundException">java.lang.ClassNotFoundException: fr.ubo.tetris.TestShape
	at java.net.URLClassLoader.findClass(URLClassLoader.java:382)
	at java.lang.ClassLoader.loadClass(ClassLoader.java:418)
	at java.lang.ClassLoader.loadClass(ClassLoader.java:351)
	at java.lang.ClassLoader.loadClass(ClassLoader.java:351)
	at java.lang.Class.forName0(Native Method)
	at java.lang.Class.forName(Class.java:348)
</error>
  <system-out><![CDATA[]]></system-out>
  <system-err><![CDATA[]]></system-err>
</testsuite>
